{"timestamp":"2025-06-12T06:05:14.431767","level":"INFO","logger":"gattonero","message":"Development Logger initialized","module":"development_logger","function":"__init__","line":212,"request_id":null,"operation_id":null,"algorithm_id":null,"user_session":null,"performance_data":null}
{"timestamp":"2025-06-12T06:05:14.434769","level":"INFO","logger":"gattonero","message":"Performance Profiler initialized","module":"development_logger","function":"info","line":295,"request_id":null,"operation_id":null,"algorithm_id":null,"user_session":null,"performance_data":null}
{"timestamp":"2025-06-12T06:05:14.436779","level":"ERROR","logger":"gattonero","message":"Główny proces przetwarzania nie powiódł się: Failed to load image uploads\\m1.tif: Image file not found: uploads\\m1.tif","module":"development_logger","function":"error","line":305,"request_id":null,"operation_id":null,"algorithm_id":null,"user_session":null,"performance_data":null,"exception":"Traceback (most recent call last):\n  File \"D:\\projects\\gatto-ps-ai\\app\\algorithms\\algorithm_01_palette\\algorithm_gpu_cpu_fallback.py\", line 21, in safe_image_load\n    if not path_obj.exists(): raise ImageProcessingError(f\"Image file not found: {image_path}\")\napp.algorithms.algorithm_01_palette.algorithm_gpu_exceptions.ImageProcessingError: Image file not found: uploads\\m1.tif\n\nDuring handling of the above exception, another exception occurred:\n\nTraceback (most recent call last):\n  File \"D:\\projects\\gatto-ps-ai\\app\\algorithms\\algorithm_01_palette\\algorithm_gpu.py\", line 204, in process_images\n    master_image = cpu.safe_image_load(master_path, self.logger)\n  File \"D:\\projects\\gatto-ps-ai\\app\\algorithms\\algorithm_01_palette\\algorithm_gpu_cpu_fallback.py\", line 31, in safe_image_load\n    raise ImageProcessingError(f\"Failed to load image {image_path}: {e}\")\napp.algorithms.algorithm_01_palette.algorithm_gpu_exceptions.ImageProcessingError: Failed to load image uploads\\m1.tif: Image file not found: uploads\\m1.tif"}
{"timestamp":"2025-06-12T06:05:14.441772","level":"ERROR","logger":"gattonero","message":"Główny proces przetwarzania nie powiódł się: Failed to load image uploads\\m1.tif: Image file not found: uploads\\m1.tif","module":"development_logger","function":"error","line":305,"request_id":null,"operation_id":null,"algorithm_id":null,"user_session":null,"performance_data":null,"exception":"Traceback (most recent call last):\n  File \"D:\\projects\\gatto-ps-ai\\app\\algorithms\\algorithm_01_palette\\algorithm_gpu_cpu_fallback.py\", line 21, in safe_image_load\n    if not path_obj.exists(): raise ImageProcessingError(f\"Image file not found: {image_path}\")\napp.algorithms.algorithm_01_palette.algorithm_gpu_exceptions.ImageProcessingError: Image file not found: uploads\\m1.tif\n\nDuring handling of the above exception, another exception occurred:\n\nTraceback (most recent call last):\n  File \"D:\\projects\\gatto-ps-ai\\app\\algorithms\\algorithm_01_palette\\algorithm_gpu.py\", line 204, in process_images\n    master_image = cpu.safe_image_load(master_path, self.logger)\n  File \"D:\\projects\\gatto-ps-ai\\app\\algorithms\\algorithm_01_palette\\algorithm_gpu_cpu_fallback.py\", line 31, in safe_image_load\n    raise ImageProcessingError(f\"Failed to load image {image_path}: {e}\")\napp.algorithms.algorithm_01_palette.algorithm_gpu_exceptions.ImageProcessingError: Failed to load image uploads\\m1.tif: Image file not found: uploads\\m1.tif"}
{"timestamp":"2025-06-12T06:05:14.445771","level":"ERROR","logger":"gattonero","message":"Główny proces przetwarzania nie powiódł się: Failed to load image uploads\\m1.tif: Image file not found: uploads\\m1.tif","module":"development_logger","function":"error","line":305,"request_id":null,"operation_id":null,"algorithm_id":null,"user_session":null,"performance_data":null,"exception":"Traceback (most recent call last):\n  File \"D:\\projects\\gatto-ps-ai\\app\\algorithms\\algorithm_01_palette\\algorithm_gpu_cpu_fallback.py\", line 21, in safe_image_load\n    if not path_obj.exists(): raise ImageProcessingError(f\"Image file not found: {image_path}\")\napp.algorithms.algorithm_01_palette.algorithm_gpu_exceptions.ImageProcessingError: Image file not found: uploads\\m1.tif\n\nDuring handling of the above exception, another exception occurred:\n\nTraceback (most recent call last):\n  File \"D:\\projects\\gatto-ps-ai\\app\\algorithms\\algorithm_01_palette\\algorithm_gpu.py\", line 204, in process_images\n    master_image = cpu.safe_image_load(master_path, self.logger)\n  File \"D:\\projects\\gatto-ps-ai\\app\\algorithms\\algorithm_01_palette\\algorithm_gpu_cpu_fallback.py\", line 31, in safe_image_load\n    raise ImageProcessingError(f\"Failed to load image {image_path}: {e}\")\napp.algorithms.algorithm_01_palette.algorithm_gpu_exceptions.ImageProcessingError: Failed to load image uploads\\m1.tif: Image file not found: uploads\\m1.tif"}
{"timestamp":"2025-06-12T06:05:14.450243","level":"ERROR","logger":"gattonero","message":"Główny proces przetwarzania nie powiódł się: Failed to load image uploads\\m1.tif: Image file not found: uploads\\m1.tif","module":"development_logger","function":"error","line":305,"request_id":null,"operation_id":null,"algorithm_id":null,"user_session":null,"performance_data":null,"exception":"Traceback (most recent call last):\n  File \"D:\\projects\\gatto-ps-ai\\app\\algorithms\\algorithm_01_palette\\algorithm_gpu_cpu_fallback.py\", line 21, in safe_image_load\n    if not path_obj.exists(): raise ImageProcessingError(f\"Image file not found: {image_path}\")\napp.algorithms.algorithm_01_palette.algorithm_gpu_exceptions.ImageProcessingError: Image file not found: uploads\\m1.tif\n\nDuring handling of the above exception, another exception occurred:\n\nTraceback (most recent call last):\n  File \"D:\\projects\\gatto-ps-ai\\app\\algorithms\\algorithm_01_palette\\algorithm_gpu.py\", line 204, in process_images\n    master_image = cpu.safe_image_load(master_path, self.logger)\n  File \"D:\\projects\\gatto-ps-ai\\app\\algorithms\\algorithm_01_palette\\algorithm_gpu_cpu_fallback.py\", line 31, in safe_image_load\n    raise ImageProcessingError(f\"Failed to load image {image_path}: {e}\")\napp.algorithms.algorithm_01_palette.algorithm_gpu_exceptions.ImageProcessingError: Failed to load image uploads\\m1.tif: Image file not found: uploads\\m1.tif"}
{"timestamp":"2025-06-12T06:07:33.317061","level":"INFO","logger":"gattonero","message":"Development Logger initialized","module":"development_logger","function":"__init__","line":212,"request_id":null,"operation_id":null,"algorithm_id":null,"user_session":null,"performance_data":null}
{"timestamp":"2025-06-12T06:07:33.318061","level":"INFO","logger":"gattonero","message":"Performance Profiler initialized","module":"development_logger","function":"info","line":295,"request_id":null,"operation_id":null,"algorithm_id":null,"user_session":null,"performance_data":null}
{"timestamp":"2025-06-12T06:07:36.236660","level":"INFO","logger":"gattonero","message":"Zainicjalizowano OpenCL na urządzeniu: gfx1032","module":"development_logger","function":"info","line":295,"request_id":null,"operation_id":null,"algorithm_id":null,"user_session":null,"performance_data":null}
{"timestamp":"2025-06-12T06:07:36.585015","level":"INFO","logger":"gattonero","message":"Przetworzono na GPU (OpenCL) 19,142,348 pikseli w 1362.4ms","module":"development_logger","function":"info","line":295,"request_id":null,"operation_id":null,"algorithm_id":null,"user_session":null,"performance_data":null}
{"timestamp":"2025-06-12T06:07:36.591014","level":"INFO","logger":"gattonero","message":"Zasoby OpenCL zostały zwolnione.","module":"development_logger","function":"info","line":295,"request_id":null,"operation_id":null,"algorithm_id":null,"user_session":null,"performance_data":null}
{"timestamp":"2025-06-12T06:07:36.600019","level":"INFO","logger":"gattonero","message":"Operation profiled: map_pixels_to_palette_opencl","module":"development_logger","function":"performance","line":319,"request_id":null,"operation_id":null,"algorithm_id":"algorithm_01_palette_production","user_session":null,"duration_ms":1369.246000002022,"performance_data":null}
{"timestamp":"2025-06-12T06:07:36.702752","level":"INFO","logger":"gattonero","message":"Obraz pomyślnie zapisany w: gpu_dither_none.jpg","module":"development_logger","function":"info","line":295,"request_id":null,"operation_id":null,"algorithm_id":null,"user_session":null,"performance_data":null}
{"timestamp":"2025-06-12T06:07:38.113618","level":"INFO","logger":"gattonero","message":"Stosuję dithering z siłą 8.0.","module":"development_logger","function":"info","line":295,"request_id":null,"operation_id":null,"algorithm_id":null,"user_session":null,"performance_data":null}
{"timestamp":"2025-06-12T06:07:38.814937","level":"INFO","logger":"gattonero","message":"Zainicjalizowano OpenCL na urządzeniu: gfx1032","module":"development_logger","function":"info","line":295,"request_id":null,"operation_id":null,"algorithm_id":null,"user_session":null,"performance_data":null}
{"timestamp":"2025-06-12T06:07:39.198310","level":"INFO","logger":"gattonero","message":"Przetworzono na GPU (OpenCL) 19,142,348 pikseli w 391.3ms","module":"development_logger","function":"info","line":295,"request_id":null,"operation_id":null,"algorithm_id":null,"user_session":null,"performance_data":null}
{"timestamp":"2025-06-12T06:07:39.298309","level":"INFO","logger":"gattonero","message":"Zasoby OpenCL zostały zwolnione.","module":"development_logger","function":"info","line":295,"request_id":null,"operation_id":null,"algorithm_id":null,"user_session":null,"performance_data":null}
{"timestamp":"2025-06-12T06:07:39.299323","level":"INFO","logger":"gattonero","message":"Operation profiled: map_pixels_to_palette_opencl","module":"development_logger","function":"performance","line":319,"request_id":null,"operation_id":null,"algorithm_id":"algorithm_01_palette_production","user_session":null,"duration_ms":492.10950000269804,"performance_data":null}
{"timestamp":"2025-06-12T06:07:39.404883","level":"INFO","logger":"gattonero","message":"Obraz pomyślnie zapisany w: gpu_dither_high.jpg","module":"development_logger","function":"info","line":295,"request_id":null,"operation_id":null,"algorithm_id":null,"user_session":null,"performance_data":null}
{"timestamp":"2025-06-12T06:07:41.069092","level":"INFO","logger":"gattonero","message":"Zainicjalizowano OpenCL na urządzeniu: gfx1032","module":"development_logger","function":"info","line":295,"request_id":null,"operation_id":null,"algorithm_id":null,"user_session":null,"performance_data":null}
{"timestamp":"2025-06-12T06:07:41.464053","level":"INFO","logger":"gattonero","message":"Przetworzono na GPU (OpenCL) 19,142,348 pikseli w 402.8ms","module":"development_logger","function":"info","line":295,"request_id":null,"operation_id":null,"algorithm_id":null,"user_session":null,"performance_data":null}
{"timestamp":"2025-06-12T06:07:41.472688","level":"INFO","logger":"gattonero","message":"Zasoby OpenCL zostały zwolnione.","module":"development_logger","function":"info","line":295,"request_id":null,"operation_id":null,"algorithm_id":null,"user_session":null,"performance_data":null}
{"timestamp":"2025-06-12T06:07:41.472688","level":"INFO","logger":"gattonero","message":"Operation profiled: map_pixels_to_palette_opencl","module":"development_logger","function":"performance","line":319,"request_id":null,"operation_id":null,"algorithm_id":"algorithm_01_palette_production","user_session":null,"duration_ms":411.4865000010468,"performance_data":null}
{"timestamp":"2025-06-12T06:07:41.587389","level":"INFO","logger":"gattonero","message":"Obraz pomyślnie zapisany w: gpu_blur_none.jpg","module":"development_logger","function":"info","line":295,"request_id":null,"operation_id":null,"algorithm_id":null,"user_session":null,"performance_data":null}
{"timestamp":"2025-06-12T06:07:42.920702","level":"INFO","logger":"gattonero","message":"Zainicjalizowano OpenCL na urządzeniu: gfx1032","module":"development_logger","function":"info","line":295,"request_id":null,"operation_id":null,"algorithm_id":null,"user_session":null,"performance_data":null}
{"timestamp":"2025-06-12T06:07:43.345252","level":"INFO","logger":"gattonero","message":"Przetworzono na GPU (OpenCL) 19,142,348 pikseli w 430.6ms","module":"development_logger","function":"info","line":295,"request_id":null,"operation_id":null,"algorithm_id":null,"user_session":null,"performance_data":null}
{"timestamp":"2025-06-12T06:07:43.354798","level":"INFO","logger":"gattonero","message":"Zasoby OpenCL zostały zwolnione.","module":"development_logger","function":"info","line":295,"request_id":null,"operation_id":null,"algorithm_id":null,"user_session":null,"performance_data":null}
{"timestamp":"2025-06-12T06:07:43.355792","level":"INFO","logger":"gattonero","message":"Operation profiled: map_pixels_to_palette_opencl","module":"development_logger","function":"performance","line":319,"request_id":null,"operation_id":null,"algorithm_id":"algorithm_01_palette_production","user_session":null,"duration_ms":441.1513999948511,"performance_data":null}
{"timestamp":"2025-06-12T06:07:43.396338","level":"INFO","logger":"gattonero","message":"Stosuję zaawansowane wygładzanie krawędzi.","module":"development_logger","function":"info","line":295,"request_id":null,"operation_id":null,"algorithm_id":null,"user_session":null,"performance_data":null}
{"timestamp":"2025-06-12T06:07:50.897696","level":"INFO","logger":"gattonero","message":"Obraz pomyślnie zapisany w: gpu_blur_high.jpg","module":"development_logger","function":"info","line":295,"request_id":null,"operation_id":null,"algorithm_id":null,"user_session":null,"performance_data":null}
{"timestamp":"2025-06-12T06:07:52.588899","level":"INFO","logger":"gattonero","message":"Zainicjalizowano OpenCL na urządzeniu: gfx1032","module":"development_logger","function":"info","line":295,"request_id":null,"operation_id":null,"algorithm_id":null,"user_session":null,"performance_data":null}
{"timestamp":"2025-06-12T06:07:52.994110","level":"INFO","logger":"gattonero","message":"Przetworzono na GPU (OpenCL) 19,142,348 pikseli w 413.1ms","module":"development_logger","function":"info","line":295,"request_id":null,"operation_id":null,"algorithm_id":null,"user_session":null,"performance_data":null}
{"timestamp":"2025-06-12T06:07:53.003701","level":"INFO","logger":"gattonero","message":"Zasoby OpenCL zostały zwolnione.","module":"development_logger","function":"info","line":295,"request_id":null,"operation_id":null,"algorithm_id":null,"user_session":null,"performance_data":null}
{"timestamp":"2025-06-12T06:07:53.004701","level":"INFO","logger":"gattonero","message":"Operation profiled: map_pixels_to_palette_opencl","module":"development_logger","function":"performance","line":319,"request_id":null,"operation_id":null,"algorithm_id":"algorithm_01_palette_production","user_session":null,"duration_ms":424.02160000347067,"performance_data":null}
{"timestamp":"2025-06-12T06:07:53.124373","level":"INFO","logger":"gattonero","message":"Obraz pomyślnie zapisany w: gpu_hue_low.jpg","module":"development_logger","function":"info","line":295,"request_id":null,"operation_id":null,"algorithm_id":null,"user_session":null,"performance_data":null}
{"timestamp":"2025-06-12T06:07:54.449464","level":"INFO","logger":"gattonero","message":"Zainicjalizowano OpenCL na urządzeniu: gfx1032","module":"development_logger","function":"info","line":295,"request_id":null,"operation_id":null,"algorithm_id":null,"user_session":null,"performance_data":null}
{"timestamp":"2025-06-12T06:07:54.792425","level":"INFO","logger":"gattonero","message":"Przetworzono na GPU (OpenCL) 19,142,348 pikseli w 350.3ms","module":"development_logger","function":"info","line":295,"request_id":null,"operation_id":null,"algorithm_id":null,"user_session":null,"performance_data":null}
{"timestamp":"2025-06-12T06:07:54.800224","level":"INFO","logger":"gattonero","message":"Zasoby OpenCL zostały zwolnione.","module":"development_logger","function":"info","line":295,"request_id":null,"operation_id":null,"algorithm_id":null,"user_session":null,"performance_data":null}
{"timestamp":"2025-06-12T06:07:54.801288","level":"INFO","logger":"gattonero","message":"Operation profiled: map_pixels_to_palette_opencl","module":"development_logger","function":"performance","line":319,"request_id":null,"operation_id":null,"algorithm_id":"algorithm_01_palette_production","user_session":null,"duration_ms":358.5710999905132,"performance_data":null}
{"timestamp":"2025-06-12T06:07:54.909826","level":"INFO","logger":"gattonero","message":"Obraz pomyślnie zapisany w: gpu_hue_high.jpg","module":"development_logger","function":"info","line":295,"request_id":null,"operation_id":null,"algorithm_id":null,"user_session":null,"performance_data":null}
{"timestamp":"2025-06-12T06:07:56.678293","level":"INFO","logger":"gattonero","message":"Zainicjalizowano OpenCL na urządzeniu: gfx1032","module":"development_logger","function":"info","line":295,"request_id":null,"operation_id":null,"algorithm_id":null,"user_session":null,"performance_data":null}
{"timestamp":"2025-06-12T06:07:57.067504","level":"INFO","logger":"gattonero","message":"Przetworzono na GPU (OpenCL) 19,142,348 pikseli w 399.8ms","module":"development_logger","function":"info","line":295,"request_id":null,"operation_id":null,"algorithm_id":null,"user_session":null,"performance_data":null}
{"timestamp":"2025-06-12T06:07:57.073504","level":"INFO","logger":"gattonero","message":"Zasoby OpenCL zostały zwolnione.","module":"development_logger","function":"info","line":295,"request_id":null,"operation_id":null,"algorithm_id":null,"user_session":null,"performance_data":null}
{"timestamp":"2025-06-12T06:07:57.074504","level":"INFO","logger":"gattonero","message":"Operation profiled: map_pixels_to_palette_opencl","module":"development_logger","function":"performance","line":319,"request_id":null,"operation_id":null,"algorithm_id":"algorithm_01_palette_production","user_session":null,"duration_ms":407.2443999903044,"performance_data":null}
{"timestamp":"2025-06-12T06:07:57.174551","level":"INFO","logger":"gattonero","message":"Obraz pomyślnie zapisany w: gpu_extremes_off.jpg","module":"development_logger","function":"info","line":295,"request_id":null,"operation_id":null,"algorithm_id":null,"user_session":null,"performance_data":null}
{"timestamp":"2025-06-12T06:07:58.428341","level":"INFO","logger":"gattonero","message":"Zainicjalizowano OpenCL na urządzeniu: gfx1032","module":"development_logger","function":"info","line":295,"request_id":null,"operation_id":null,"algorithm_id":null,"user_session":null,"performance_data":null}
{"timestamp":"2025-06-12T06:07:58.950249","level":"INFO","logger":"gattonero","message":"Przetworzono na GPU (OpenCL) 19,142,348 pikseli w 529.1ms","module":"development_logger","function":"info","line":295,"request_id":null,"operation_id":null,"algorithm_id":null,"user_session":null,"performance_data":null}
{"timestamp":"2025-06-12T06:07:58.958843","level":"INFO","logger":"gattonero","message":"Zasoby OpenCL zostały zwolnione.","module":"development_logger","function":"info","line":295,"request_id":null,"operation_id":null,"algorithm_id":null,"user_session":null,"performance_data":null}
{"timestamp":"2025-06-12T06:07:58.959844","level":"INFO","logger":"gattonero","message":"Operation profiled: map_pixels_to_palette_opencl","module":"development_logger","function":"performance","line":319,"request_id":null,"operation_id":null,"algorithm_id":"algorithm_01_palette_production","user_session":null,"duration_ms":539.1591000079643,"performance_data":null}
{"timestamp":"2025-06-12T06:07:58.971538","level":"INFO","logger":"gattonero","message":"Zachowuję skrajne wartości czerni i bieli.","module":"development_logger","function":"info","line":295,"request_id":null,"operation_id":null,"algorithm_id":null,"user_session":null,"performance_data":null}
{"timestamp":"2025-06-12T06:07:59.625364","level":"INFO","logger":"gattonero","message":"Obraz pomyślnie zapisany w: gpu_extremes_on.jpg","module":"development_logger","function":"info","line":295,"request_id":null,"operation_id":null,"algorithm_id":null,"user_session":null,"performance_data":null}
{"timestamp":"2025-06-12T06:18:14.776087","level":"INFO","logger":"gattonero","message":"Development Logger initialized","module":"development_logger","function":"__init__","line":212,"request_id":null,"operation_id":null,"algorithm_id":null,"user_session":null,"performance_data":null}
{"timestamp":"2025-06-12T06:18:14.777126","level":"INFO","logger":"gattonero","message":"Performance Profiler initialized","module":"development_logger","function":"info","line":295,"request_id":null,"operation_id":null,"algorithm_id":null,"user_session":null,"performance_data":null}
{"timestamp":"2025-06-12T06:18:17.007014","level":"INFO","logger":"gattonero","message":"Zainicjalizowano OpenCL na urządzeniu: gfx1032","module":"development_logger","function":"info","line":295,"request_id":null,"operation_id":null,"algorithm_id":null,"user_session":null,"performance_data":null}
{"timestamp":"2025-06-12T06:18:17.841346","level":"INFO","logger":"gattonero","message":"Przetworzono na GPU (OpenCL) 19,142,348 pikseli w 1730.7ms","module":"development_logger","function":"info","line":295,"request_id":null,"operation_id":null,"algorithm_id":null,"user_session":null,"performance_data":null}
{"timestamp":"2025-06-12T06:18:17.847348","level":"INFO","logger":"gattonero","message":"Zasoby OpenCL zostały zwolnione.","module":"development_logger","function":"info","line":295,"request_id":null,"operation_id":null,"algorithm_id":null,"user_session":null,"performance_data":null}
{"timestamp":"2025-06-12T06:18:17.855966","level":"INFO","logger":"gattonero","message":"Operation profiled: map_pixels_to_palette_opencl","module":"development_logger","function":"performance","line":319,"request_id":null,"operation_id":null,"algorithm_id":"algorithm_01_palette_production","user_session":null,"duration_ms":1737.87209999864,"performance_data":null}
{"timestamp":"2025-06-12T06:18:17.955582","level":"INFO","logger":"gattonero","message":"Obraz pomyślnie zapisany w: gpu_blur_none.jpg","module":"development_logger","function":"info","line":295,"request_id":null,"operation_id":null,"algorithm_id":null,"user_session":null,"performance_data":null}
{"timestamp":"2025-06-12T06:18:19.147059","level":"INFO","logger":"gattonero","message":"Zainicjalizowano OpenCL na urządzeniu: gfx1032","module":"development_logger","function":"info","line":295,"request_id":null,"operation_id":null,"algorithm_id":null,"user_session":null,"performance_data":null}
{"timestamp":"2025-06-12T06:18:19.510108","level":"INFO","logger":"gattonero","message":"Przetworzono na GPU (OpenCL) 19,142,348 pikseli w 384.3ms","module":"development_logger","function":"info","line":295,"request_id":null,"operation_id":null,"algorithm_id":null,"user_session":null,"performance_data":null}
{"timestamp":"2025-06-12T06:18:19.517962","level":"INFO","logger":"gattonero","message":"Zasoby OpenCL zostały zwolnione.","module":"development_logger","function":"info","line":295,"request_id":null,"operation_id":null,"algorithm_id":null,"user_session":null,"performance_data":null}
{"timestamp":"2025-06-12T06:18:19.518541","level":"INFO","logger":"gattonero","message":"Operation profiled: map_pixels_to_palette_opencl","module":"development_logger","function":"performance","line":319,"request_id":null,"operation_id":null,"algorithm_id":"algorithm_01_palette_production","user_session":null,"duration_ms":391.93680000607856,"performance_data":null}
{"timestamp":"2025-06-12T06:18:19.555001","level":"INFO","logger":"gattonero","message":"Stosuję zaawansowane wygładzanie krawędzi.","module":"development_logger","function":"info","line":295,"request_id":null,"operation_id":null,"algorithm_id":null,"user_session":null,"performance_data":null}
{"timestamp":"2025-06-12T06:18:21.827032","level":"INFO","logger":"gattonero","message":"Zainicjalizowano OpenCL na urządzeniu: gfx1032","module":"development_logger","function":"info","line":295,"request_id":null,"operation_id":null,"algorithm_id":null,"user_session":null,"performance_data":null}
{"timestamp":"2025-06-12T06:18:21.874724","level":"INFO","logger":"gattonero","message":"Zasoby OpenCL zostały zwolnione.","module":"development_logger","function":"info","line":295,"request_id":null,"operation_id":null,"algorithm_id":null,"user_session":null,"performance_data":null}
{"timestamp":"2025-06-12T06:18:23.019002","level":"INFO","logger":"gattonero","message":"Obraz pomyślnie zapisany w: gpu_blur_high.jpg","module":"development_logger","function":"info","line":295,"request_id":null,"operation_id":null,"algorithm_id":null,"user_session":null,"performance_data":null}
{"timestamp":"2025-06-12T06:19:13.560536","level":"INFO","logger":"gattonero","message":"Development Logger initialized","module":"development_logger","function":"__init__","line":212,"request_id":null,"operation_id":null,"algorithm_id":null,"user_session":null,"performance_data":null}
{"timestamp":"2025-06-12T06:19:13.561539","level":"INFO","logger":"gattonero","message":"Performance Profiler initialized","module":"development_logger","function":"info","line":295,"request_id":null,"operation_id":null,"algorithm_id":null,"user_session":null,"performance_data":null}
{"timestamp":"2025-06-12T06:19:15.781255","level":"INFO","logger":"gattonero","message":"Zainicjalizowano OpenCL na urządzeniu: gfx1032","module":"development_logger","function":"info","line":295,"request_id":null,"operation_id":null,"algorithm_id":null,"user_session":null,"performance_data":null}
{"timestamp":"2025-06-12T06:19:16.135987","level":"INFO","logger":"gattonero","message":"Przetworzono na GPU (OpenCL) 19,142,348 pikseli w 1244.9ms","module":"development_logger","function":"info","line":295,"request_id":null,"operation_id":null,"algorithm_id":null,"user_session":null,"performance_data":null}
{"timestamp":"2025-06-12T06:19:16.142214","level":"INFO","logger":"gattonero","message":"Zasoby OpenCL zostały zwolnione.","module":"development_logger","function":"info","line":295,"request_id":null,"operation_id":null,"algorithm_id":null,"user_session":null,"performance_data":null}
{"timestamp":"2025-06-12T06:19:16.150214","level":"INFO","logger":"gattonero","message":"Operation profiled: map_pixels_to_palette_opencl","module":"development_logger","function":"performance","line":319,"request_id":null,"operation_id":null,"algorithm_id":"algorithm_01_palette_production","user_session":null,"duration_ms":1251.9582999957493,"performance_data":null}
{"timestamp":"2025-06-12T06:19:16.250082","level":"INFO","logger":"gattonero","message":"Obraz pomyślnie zapisany w: gpu_blur_none.jpg","module":"development_logger","function":"info","line":295,"request_id":null,"operation_id":null,"algorithm_id":null,"user_session":null,"performance_data":null}
{"timestamp":"2025-06-12T06:19:17.420278","level":"INFO","logger":"gattonero","message":"Zainicjalizowano OpenCL na urządzeniu: gfx1032","module":"development_logger","function":"info","line":295,"request_id":null,"operation_id":null,"algorithm_id":null,"user_session":null,"performance_data":null}
{"timestamp":"2025-06-12T06:19:17.789380","level":"INFO","logger":"gattonero","message":"Przetworzono na GPU (OpenCL) 19,142,348 pikseli w 397.2ms","module":"development_logger","function":"info","line":295,"request_id":null,"operation_id":null,"algorithm_id":null,"user_session":null,"performance_data":null}
{"timestamp":"2025-06-12T06:19:17.795379","level":"INFO","logger":"gattonero","message":"Zasoby OpenCL zostały zwolnione.","module":"development_logger","function":"info","line":295,"request_id":null,"operation_id":null,"algorithm_id":null,"user_session":null,"performance_data":null}
{"timestamp":"2025-06-12T06:19:17.796381","level":"INFO","logger":"gattonero","message":"Operation profiled: map_pixels_to_palette_opencl","module":"development_logger","function":"performance","line":319,"request_id":null,"operation_id":null,"algorithm_id":"algorithm_01_palette_production","user_session":null,"duration_ms":404.66689999448135,"performance_data":null}
{"timestamp":"2025-06-12T06:19:17.831902","level":"INFO","logger":"gattonero","message":"Stosuję zaawansowane wygładzanie krawędzi.","module":"development_logger","function":"info","line":295,"request_id":null,"operation_id":null,"algorithm_id":null,"user_session":null,"performance_data":null}
{"timestamp":"2025-06-12T06:19:19.888261","level":"INFO","logger":"gattonero","message":"Zainicjalizowano OpenCL na urządzeniu: gfx1032","module":"development_logger","function":"info","line":295,"request_id":null,"operation_id":null,"algorithm_id":null,"user_session":null,"performance_data":null}
{"timestamp":"2025-06-12T06:19:19.931682","level":"INFO","logger":"gattonero","message":"Zasoby OpenCL zostały zwolnione.","module":"development_logger","function":"info","line":295,"request_id":null,"operation_id":null,"algorithm_id":null,"user_session":null,"performance_data":null}
{"timestamp":"2025-06-12T06:19:21.093937","level":"INFO","logger":"gattonero","message":"Obraz pomyślnie zapisany w: gpu_blur_high.jpg","module":"development_logger","function":"info","line":295,"request_id":null,"operation_id":null,"algorithm_id":null,"user_session":null,"performance_data":null}
{"timestamp":"2025-06-12T06:23:52.911381","level":"INFO","logger":"gattonero","message":"Development Logger initialized","module":"development_logger","function":"__init__","line":212,"request_id":null,"operation_id":null,"algorithm_id":null,"user_session":null,"performance_data":null}
{"timestamp":"2025-06-12T06:23:52.912478","level":"INFO","logger":"gattonero","message":"Performance Profiler initialized","module":"development_logger","function":"info","line":295,"request_id":null,"operation_id":null,"algorithm_id":null,"user_session":null,"performance_data":null}
{"timestamp":"2025-06-12T06:23:55.162140","level":"INFO","logger":"gattonero","message":"Zainicjalizowano OpenCL na urządzeniu: gfx1032","module":"development_logger","function":"info","line":295,"request_id":null,"operation_id":null,"algorithm_id":null,"user_session":null,"performance_data":null}
{"timestamp":"2025-06-12T06:23:56.052048","level":"INFO","logger":"gattonero","message":"Przetworzono na GPU (OpenCL) 19,142,348 pikseli w 1763.4ms","module":"development_logger","function":"info","line":295,"request_id":null,"operation_id":null,"algorithm_id":null,"user_session":null,"performance_data":null}
{"timestamp":"2025-06-12T06:23:56.058785","level":"INFO","logger":"gattonero","message":"Zasoby OpenCL zostały zwolnione.","module":"development_logger","function":"info","line":295,"request_id":null,"operation_id":null,"algorithm_id":null,"user_session":null,"performance_data":null}
{"timestamp":"2025-06-12T06:23:56.066783","level":"INFO","logger":"gattonero","message":"Operation profiled: map_pixels_to_palette_opencl","module":"development_logger","function":"performance","line":319,"request_id":null,"operation_id":null,"algorithm_id":"algorithm_01_palette_production","user_session":null,"duration_ms":1770.9877000015695,"performance_data":null}
{"timestamp":"2025-06-12T06:23:56.168214","level":"INFO","logger":"gattonero","message":"Obraz pomyślnie zapisany w: gpu_blur_none.jpg","module":"development_logger","function":"info","line":295,"request_id":null,"operation_id":null,"algorithm_id":null,"user_session":null,"performance_data":null}
{"timestamp":"2025-06-12T06:23:57.380953","level":"INFO","logger":"gattonero","message":"Zainicjalizowano OpenCL na urządzeniu: gfx1032","module":"development_logger","function":"info","line":295,"request_id":null,"operation_id":null,"algorithm_id":null,"user_session":null,"performance_data":null}
{"timestamp":"2025-06-12T06:23:57.729198","level":"INFO","logger":"gattonero","message":"Przetworzono na GPU (OpenCL) 19,142,348 pikseli w 379.3ms","module":"development_logger","function":"info","line":295,"request_id":null,"operation_id":null,"algorithm_id":null,"user_session":null,"performance_data":null}
{"timestamp":"2025-06-12T06:23:57.737407","level":"INFO","logger":"gattonero","message":"Zasoby OpenCL zostały zwolnione.","module":"development_logger","function":"info","line":295,"request_id":null,"operation_id":null,"algorithm_id":null,"user_session":null,"performance_data":null}
{"timestamp":"2025-06-12T06:23:57.737467","level":"INFO","logger":"gattonero","message":"Operation profiled: map_pixels_to_palette_opencl","module":"development_logger","function":"performance","line":319,"request_id":null,"operation_id":null,"algorithm_id":"algorithm_01_palette_production","user_session":null,"duration_ms":387.5614999997197,"performance_data":null}
{"timestamp":"2025-06-12T06:23:57.774429","level":"INFO","logger":"gattonero","message":"Stosuję zaawansowane wygładzanie krawędzi.","module":"development_logger","function":"info","line":295,"request_id":null,"operation_id":null,"algorithm_id":null,"user_session":null,"performance_data":null}
{"timestamp":"2025-06-12T06:24:00.029269","level":"INFO","logger":"gattonero","message":"Zainicjalizowano OpenCL na urządzeniu: gfx1032","module":"development_logger","function":"info","line":295,"request_id":null,"operation_id":null,"algorithm_id":null,"user_session":null,"performance_data":null}
{"timestamp":"2025-06-12T06:24:00.085838","level":"INFO","logger":"gattonero","message":"Zasoby OpenCL zostały zwolnione.","module":"development_logger","function":"info","line":295,"request_id":null,"operation_id":null,"algorithm_id":null,"user_session":null,"performance_data":null}
{"timestamp":"2025-06-12T06:24:01.196745","level":"INFO","logger":"gattonero","message":"Obraz pomyślnie zapisany w: gpu_blur_high.jpg","module":"development_logger","function":"info","line":295,"request_id":null,"operation_id":null,"algorithm_id":null,"user_session":null,"performance_data":null}
{"timestamp":"2025-06-12T06:24:10.321319","level":"INFO","logger":"gattonero","message":"Development Logger initialized","module":"development_logger","function":"__init__","line":212,"request_id":null,"operation_id":null,"algorithm_id":null,"user_session":null,"performance_data":null}
{"timestamp":"2025-06-12T06:24:10.322317","level":"INFO","logger":"gattonero","message":"Performance Profiler initialized","module":"development_logger","function":"info","line":295,"request_id":null,"operation_id":null,"algorithm_id":null,"user_session":null,"performance_data":null}
{"timestamp":"2025-06-12T06:24:12.594216","level":"INFO","logger":"gattonero","message":"Zainicjalizowano OpenCL na urządzeniu: gfx1032","module":"development_logger","function":"info","line":295,"request_id":null,"operation_id":null,"algorithm_id":null,"user_session":null,"performance_data":null}
{"timestamp":"2025-06-12T06:24:12.953269","level":"INFO","logger":"gattonero","message":"Przetworzono na GPU (OpenCL) 19,142,348 pikseli w 1292.4ms","module":"development_logger","function":"info","line":295,"request_id":null,"operation_id":null,"algorithm_id":null,"user_session":null,"performance_data":null}
{"timestamp":"2025-06-12T06:24:12.959173","level":"INFO","logger":"gattonero","message":"Zasoby OpenCL zostały zwolnione.","module":"development_logger","function":"info","line":295,"request_id":null,"operation_id":null,"algorithm_id":null,"user_session":null,"performance_data":null}
{"timestamp":"2025-06-12T06:24:12.968279","level":"INFO","logger":"gattonero","message":"Operation profiled: map_pixels_to_palette_opencl","module":"development_logger","function":"performance","line":319,"request_id":null,"operation_id":null,"algorithm_id":"algorithm_01_palette_production","user_session":null,"duration_ms":1299.288100010017,"performance_data":null}
{"timestamp":"2025-06-12T06:24:13.072825","level":"INFO","logger":"gattonero","message":"Obraz pomyślnie zapisany w: gpu_blur_none.jpg","module":"development_logger","function":"info","line":295,"request_id":null,"operation_id":null,"algorithm_id":null,"user_session":null,"performance_data":null}
{"timestamp":"2025-06-12T06:24:14.244141","level":"INFO","logger":"gattonero","message":"Zainicjalizowano OpenCL na urządzeniu: gfx1032","module":"development_logger","function":"info","line":295,"request_id":null,"operation_id":null,"algorithm_id":null,"user_session":null,"performance_data":null}
{"timestamp":"2025-06-12T06:24:14.589404","level":"INFO","logger":"gattonero","message":"Przetworzono na GPU (OpenCL) 19,142,348 pikseli w 376.6ms","module":"development_logger","function":"info","line":295,"request_id":null,"operation_id":null,"algorithm_id":null,"user_session":null,"performance_data":null}
{"timestamp":"2025-06-12T06:24:14.596692","level":"INFO","logger":"gattonero","message":"Zasoby OpenCL zostały zwolnione.","module":"development_logger","function":"info","line":295,"request_id":null,"operation_id":null,"algorithm_id":null,"user_session":null,"performance_data":null}
{"timestamp":"2025-06-12T06:24:14.597605","level":"INFO","logger":"gattonero","message":"Operation profiled: map_pixels_to_palette_opencl","module":"development_logger","function":"performance","line":319,"request_id":null,"operation_id":null,"algorithm_id":"algorithm_01_palette_production","user_session":null,"duration_ms":384.15270000405144,"performance_data":null}
{"timestamp":"2025-06-12T06:24:14.632806","level":"INFO","logger":"gattonero","message":"Stosuję zaawansowane wygładzanie krawędzi.","module":"development_logger","function":"info","line":295,"request_id":null,"operation_id":null,"algorithm_id":null,"user_session":null,"performance_data":null}
{"timestamp":"2025-06-12T06:24:16.651434","level":"INFO","logger":"gattonero","message":"Zainicjalizowano OpenCL na urządzeniu: gfx1032","module":"development_logger","function":"info","line":295,"request_id":null,"operation_id":null,"algorithm_id":null,"user_session":null,"performance_data":null}
{"timestamp":"2025-06-12T06:24:16.702857","level":"INFO","logger":"gattonero","message":"Zasoby OpenCL zostały zwolnione.","module":"development_logger","function":"info","line":295,"request_id":null,"operation_id":null,"algorithm_id":null,"user_session":null,"performance_data":null}
{"timestamp":"2025-06-12T06:24:17.912848","level":"INFO","logger":"gattonero","message":"Obraz pomyślnie zapisany w: gpu_blur_high.jpg","module":"development_logger","function":"info","line":295,"request_id":null,"operation_id":null,"algorithm_id":null,"user_session":null,"performance_data":null}
{"timestamp":"2025-06-12T06:29:52.232690","level":"INFO","logger":"gattonero","message":"Development Logger initialized","module":"development_logger","function":"__init__","line":212,"request_id":null,"operation_id":null,"algorithm_id":null,"user_session":null,"performance_data":null}
{"timestamp":"2025-06-12T06:29:52.234692","level":"INFO","logger":"gattonero","message":"Performance Profiler initialized","module":"development_logger","function":"info","line":295,"request_id":null,"operation_id":null,"algorithm_id":null,"user_session":null,"performance_data":null}
{"timestamp":"2025-06-12T06:29:54.495659","level":"INFO","logger":"gattonero","message":"Zainicjalizowano OpenCL na urządzeniu: gfx1032","module":"development_logger","function":"info","line":295,"request_id":null,"operation_id":null,"algorithm_id":null,"user_session":null,"performance_data":null}
{"timestamp":"2025-06-12T06:29:54.853947","level":"INFO","logger":"gattonero","message":"Przetworzono na GPU (OpenCL) 19,142,348 pikseli w 1242.8ms","module":"development_logger","function":"info","line":295,"request_id":null,"operation_id":null,"algorithm_id":null,"user_session":null,"performance_data":null}
{"timestamp":"2025-06-12T06:29:54.860946","level":"INFO","logger":"gattonero","message":"Zasoby OpenCL zostały zwolnione.","module":"development_logger","function":"info","line":295,"request_id":null,"operation_id":null,"algorithm_id":null,"user_session":null,"performance_data":null}
{"timestamp":"2025-06-12T06:29:54.869948","level":"INFO","logger":"gattonero","message":"Operation profiled: map_pixels_to_palette_opencl","module":"development_logger","function":"performance","line":319,"request_id":null,"operation_id":null,"algorithm_id":"algorithm_01_palette_production","user_session":null,"duration_ms":1251.2855999957537,"performance_data":null}
{"timestamp":"2025-06-12T06:29:54.974621","level":"INFO","logger":"gattonero","message":"Obraz pomyślnie zapisany w: gpu_dither_none.jpg","module":"development_logger","function":"info","line":295,"request_id":null,"operation_id":null,"algorithm_id":null,"user_session":null,"performance_data":null}
{"timestamp":"2025-06-12T06:29:56.178157","level":"INFO","logger":"gattonero","message":"Stosuję dithering z siłą 8.0.","module":"development_logger","function":"info","line":295,"request_id":null,"operation_id":null,"algorithm_id":null,"user_session":null,"performance_data":null}
{"timestamp":"2025-06-12T06:29:56.766569","level":"INFO","logger":"gattonero","message":"Zainicjalizowano OpenCL na urządzeniu: gfx1032","module":"development_logger","function":"info","line":295,"request_id":null,"operation_id":null,"algorithm_id":null,"user_session":null,"performance_data":null}
{"timestamp":"2025-06-12T06:29:57.129613","level":"INFO","logger":"gattonero","message":"Przetworzono na GPU (OpenCL) 19,142,348 pikseli w 401.5ms","module":"development_logger","function":"info","line":295,"request_id":null,"operation_id":null,"algorithm_id":null,"user_session":null,"performance_data":null}
{"timestamp":"2025-06-12T06:29:57.136857","level":"INFO","logger":"gattonero","message":"Zasoby OpenCL zostały zwolnione.","module":"development_logger","function":"info","line":295,"request_id":null,"operation_id":null,"algorithm_id":null,"user_session":null,"performance_data":null}
{"timestamp":"2025-06-12T06:29:57.136857","level":"INFO","logger":"gattonero","message":"Operation profiled: map_pixels_to_palette_opencl","module":"development_logger","function":"performance","line":319,"request_id":null,"operation_id":null,"algorithm_id":"algorithm_01_palette_production","user_session":null,"duration_ms":409.27129999909084,"performance_data":null}
{"timestamp":"2025-06-12T06:29:57.244344","level":"INFO","logger":"gattonero","message":"Obraz pomyślnie zapisany w: gpu_dither_high.jpg","module":"development_logger","function":"info","line":295,"request_id":null,"operation_id":null,"algorithm_id":null,"user_session":null,"performance_data":null}
{"timestamp":"2025-06-12T06:29:58.899231","level":"INFO","logger":"gattonero","message":"Zainicjalizowano OpenCL na urządzeniu: gfx1032","module":"development_logger","function":"info","line":295,"request_id":null,"operation_id":null,"algorithm_id":null,"user_session":null,"performance_data":null}
{"timestamp":"2025-06-12T06:29:59.263024","level":"INFO","logger":"gattonero","message":"Przetworzono na GPU (OpenCL) 19,142,348 pikseli w 404.5ms","module":"development_logger","function":"info","line":295,"request_id":null,"operation_id":null,"algorithm_id":null,"user_session":null,"performance_data":null}
{"timestamp":"2025-06-12T06:29:59.270593","level":"INFO","logger":"gattonero","message":"Zasoby OpenCL zostały zwolnione.","module":"development_logger","function":"info","line":295,"request_id":null,"operation_id":null,"algorithm_id":null,"user_session":null,"performance_data":null}
{"timestamp":"2025-06-12T06:29:59.271600","level":"INFO","logger":"gattonero","message":"Operation profiled: map_pixels_to_palette_opencl","module":"development_logger","function":"performance","line":319,"request_id":null,"operation_id":null,"algorithm_id":"algorithm_01_palette_production","user_session":null,"duration_ms":412.4475000135135,"performance_data":null}
{"timestamp":"2025-06-12T06:29:59.374352","level":"INFO","logger":"gattonero","message":"Obraz pomyślnie zapisany w: gpu_blur_none.jpg","module":"development_logger","function":"info","line":295,"request_id":null,"operation_id":null,"algorithm_id":null,"user_session":null,"performance_data":null}
{"timestamp":"2025-06-12T06:30:00.608039","level":"INFO","logger":"gattonero","message":"Zainicjalizowano OpenCL na urządzeniu: gfx1032","module":"development_logger","function":"info","line":295,"request_id":null,"operation_id":null,"algorithm_id":null,"user_session":null,"performance_data":null}
{"timestamp":"2025-06-12T06:30:00.957206","level":"INFO","logger":"gattonero","message":"Przetworzono na GPU (OpenCL) 19,142,348 pikseli w 385.6ms","module":"development_logger","function":"info","line":295,"request_id":null,"operation_id":null,"algorithm_id":null,"user_session":null,"performance_data":null}
{"timestamp":"2025-06-12T06:30:00.964215","level":"INFO","logger":"gattonero","message":"Zasoby OpenCL zostały zwolnione.","module":"development_logger","function":"info","line":295,"request_id":null,"operation_id":null,"algorithm_id":null,"user_session":null,"performance_data":null}
{"timestamp":"2025-06-12T06:30:00.965208","level":"INFO","logger":"gattonero","message":"Operation profiled: map_pixels_to_palette_opencl","module":"development_logger","function":"performance","line":319,"request_id":null,"operation_id":null,"algorithm_id":"algorithm_01_palette_production","user_session":null,"duration_ms":393.3993999962695,"performance_data":null}
{"timestamp":"2025-06-12T06:30:01.001230","level":"INFO","logger":"gattonero","message":"Stosuję zaawansowane wygładzanie krawędzi.","module":"development_logger","function":"info","line":295,"request_id":null,"operation_id":null,"algorithm_id":null,"user_session":null,"performance_data":null}
{"timestamp":"2025-06-12T06:30:02.961684","level":"INFO","logger":"gattonero","message":"Zainicjalizowano OpenCL na urządzeniu: gfx1032","module":"development_logger","function":"info","line":295,"request_id":null,"operation_id":null,"algorithm_id":null,"user_session":null,"performance_data":null}
{"timestamp":"2025-06-12T06:30:03.014899","level":"INFO","logger":"gattonero","message":"Zasoby OpenCL zostały zwolnione.","module":"development_logger","function":"info","line":295,"request_id":null,"operation_id":null,"algorithm_id":null,"user_session":null,"performance_data":null}
{"timestamp":"2025-06-12T06:30:04.135929","level":"INFO","logger":"gattonero","message":"Obraz pomyślnie zapisany w: gpu_blur_high.jpg","module":"development_logger","function":"info","line":295,"request_id":null,"operation_id":null,"algorithm_id":null,"user_session":null,"performance_data":null}
{"timestamp":"2025-06-12T06:30:05.674251","level":"INFO","logger":"gattonero","message":"Zainicjalizowano OpenCL na urządzeniu: gfx1032","module":"development_logger","function":"info","line":295,"request_id":null,"operation_id":null,"algorithm_id":null,"user_session":null,"performance_data":null}
{"timestamp":"2025-06-12T06:30:06.014938","level":"INFO","logger":"gattonero","message":"Przetworzono na GPU (OpenCL) 19,142,348 pikseli w 349.0ms","module":"development_logger","function":"info","line":295,"request_id":null,"operation_id":null,"algorithm_id":null,"user_session":null,"performance_data":null}
{"timestamp":"2025-06-12T06:30:06.021333","level":"INFO","logger":"gattonero","message":"Zasoby OpenCL zostały zwolnione.","module":"development_logger","function":"info","line":295,"request_id":null,"operation_id":null,"algorithm_id":null,"user_session":null,"performance_data":null}
{"timestamp":"2025-06-12T06:30:06.022485","level":"INFO","logger":"gattonero","message":"Operation profiled: map_pixels_to_palette_opencl","module":"development_logger","function":"performance","line":319,"request_id":null,"operation_id":null,"algorithm_id":"algorithm_01_palette_production","user_session":null,"duration_ms":356.2829000002239,"performance_data":null}
{"timestamp":"2025-06-12T06:30:06.127039","level":"INFO","logger":"gattonero","message":"Obraz pomyślnie zapisany w: gpu_hue_low.jpg","module":"development_logger","function":"info","line":295,"request_id":null,"operation_id":null,"algorithm_id":null,"user_session":null,"performance_data":null}
{"timestamp":"2025-06-12T06:30:07.334015","level":"INFO","logger":"gattonero","message":"Zainicjalizowano OpenCL na urządzeniu: gfx1032","module":"development_logger","function":"info","line":295,"request_id":null,"operation_id":null,"algorithm_id":null,"user_session":null,"performance_data":null}
{"timestamp":"2025-06-12T06:30:07.679260","level":"INFO","logger":"gattonero","message":"Przetworzono na GPU (OpenCL) 19,142,348 pikseli w 378.7ms","module":"development_logger","function":"info","line":295,"request_id":null,"operation_id":null,"algorithm_id":null,"user_session":null,"performance_data":null}
{"timestamp":"2025-06-12T06:30:07.686474","level":"INFO","logger":"gattonero","message":"Zasoby OpenCL zostały zwolnione.","module":"development_logger","function":"info","line":295,"request_id":null,"operation_id":null,"algorithm_id":null,"user_session":null,"performance_data":null}
{"timestamp":"2025-06-12T06:30:07.687013","level":"INFO","logger":"gattonero","message":"Operation profiled: map_pixels_to_palette_opencl","module":"development_logger","function":"performance","line":319,"request_id":null,"operation_id":null,"algorithm_id":"algorithm_01_palette_production","user_session":null,"duration_ms":386.15130000107456,"performance_data":null}
{"timestamp":"2025-06-12T06:30:07.791933","level":"INFO","logger":"gattonero","message":"Obraz pomyślnie zapisany w: gpu_hue_high.jpg","module":"development_logger","function":"info","line":295,"request_id":null,"operation_id":null,"algorithm_id":null,"user_session":null,"performance_data":null}
{"timestamp":"2025-06-12T06:30:09.511081","level":"INFO","logger":"gattonero","message":"Zainicjalizowano OpenCL na urządzeniu: gfx1032","module":"development_logger","function":"info","line":295,"request_id":null,"operation_id":null,"algorithm_id":null,"user_session":null,"performance_data":null}
{"timestamp":"2025-06-12T06:30:09.955786","level":"INFO","logger":"gattonero","message":"Przetworzono na GPU (OpenCL) 19,142,348 pikseli w 482.5ms","module":"development_logger","function":"info","line":295,"request_id":null,"operation_id":null,"algorithm_id":null,"user_session":null,"performance_data":null}
{"timestamp":"2025-06-12T06:30:09.963792","level":"INFO","logger":"gattonero","message":"Zasoby OpenCL zostały zwolnione.","module":"development_logger","function":"info","line":295,"request_id":null,"operation_id":null,"algorithm_id":null,"user_session":null,"performance_data":null}
{"timestamp":"2025-06-12T06:30:09.964783","level":"INFO","logger":"gattonero","message":"Operation profiled: map_pixels_to_palette_opencl","module":"development_logger","function":"performance","line":319,"request_id":null,"operation_id":null,"algorithm_id":"algorithm_01_palette_production","user_session":null,"duration_ms":491.6225999913877,"performance_data":null}
{"timestamp":"2025-06-12T06:30:10.073717","level":"INFO","logger":"gattonero","message":"Obraz pomyślnie zapisany w: gpu_extremes_off.jpg","module":"development_logger","function":"info","line":295,"request_id":null,"operation_id":null,"algorithm_id":null,"user_session":null,"performance_data":null}
{"timestamp":"2025-06-12T06:30:11.455011","level":"INFO","logger":"gattonero","message":"Zainicjalizowano OpenCL na urządzeniu: gfx1032","module":"development_logger","function":"info","line":295,"request_id":null,"operation_id":null,"algorithm_id":null,"user_session":null,"performance_data":null}
{"timestamp":"2025-06-12T06:30:11.808932","level":"INFO","logger":"gattonero","message":"Przetworzono na GPU (OpenCL) 19,142,348 pikseli w 391.6ms","module":"development_logger","function":"info","line":295,"request_id":null,"operation_id":null,"algorithm_id":null,"user_session":null,"performance_data":null}
{"timestamp":"2025-06-12T06:30:11.816372","level":"INFO","logger":"gattonero","message":"Zasoby OpenCL zostały zwolnione.","module":"development_logger","function":"info","line":295,"request_id":null,"operation_id":null,"algorithm_id":null,"user_session":null,"performance_data":null}
{"timestamp":"2025-06-12T06:30:11.818078","level":"INFO","logger":"gattonero","message":"Operation profiled: map_pixels_to_palette_opencl","module":"development_logger","function":"performance","line":319,"request_id":null,"operation_id":null,"algorithm_id":"algorithm_01_palette_production","user_session":null,"duration_ms":399.8126000078628,"performance_data":null}
{"timestamp":"2025-06-12T06:30:11.828453","level":"INFO","logger":"gattonero","message":"Zachowuję skrajne wartości czerni i bieli.","module":"development_logger","function":"info","line":295,"request_id":null,"operation_id":null,"algorithm_id":null,"user_session":null,"performance_data":null}
{"timestamp":"2025-06-12T06:30:12.401469","level":"INFO","logger":"gattonero","message":"Obraz pomyślnie zapisany w: gpu_extremes_on.jpg","module":"development_logger","function":"info","line":295,"request_id":null,"operation_id":null,"algorithm_id":null,"user_session":null,"performance_data":null}
{"timestamp":"2025-06-12T09:18:47.846989","level":"INFO","logger":"gattonero","message":"Development Logger initialized","module":"development_logger","function":"__init__","line":212,"request_id":null,"operation_id":null,"algorithm_id":null,"user_session":null,"performance_data":null}
{"timestamp":"2025-06-12T09:18:47.847986","level":"INFO","logger":"gattonero","message":"Performance Profiler initialized","module":"development_logger","function":"info","line":295,"request_id":null,"operation_id":null,"algorithm_id":null,"user_session":null,"performance_data":null}
{"timestamp":"2025-06-12T09:18:50.138749","level":"INFO","logger":"gattonero","message":"Zainicjalizowano OpenCL na urządzeniu: gfx1032","module":"development_logger","function":"info","line":295,"request_id":null,"operation_id":null,"algorithm_id":null,"user_session":null,"performance_data":null}
{"timestamp":"2025-06-12T09:18:50.952641","level":"INFO","logger":"gattonero","message":"Przetworzono na GPU (OpenCL) 19,142,348 pikseli w 1765.4ms","module":"development_logger","function":"info","line":295,"request_id":null,"operation_id":null,"algorithm_id":null,"user_session":null,"performance_data":null}
{"timestamp":"2025-06-12T09:18:50.958582","level":"INFO","logger":"gattonero","message":"Zasoby OpenCL zostały zwolnione.","module":"development_logger","function":"info","line":295,"request_id":null,"operation_id":null,"algorithm_id":null,"user_session":null,"performance_data":null}
{"timestamp":"2025-06-12T09:18:50.968106","level":"INFO","logger":"gattonero","message":"Operation profiled: map_pixels_to_palette_opencl","module":"development_logger","function":"performance","line":319,"request_id":null,"operation_id":null,"algorithm_id":"algorithm_01_palette_production","user_session":null,"duration_ms":1772.1724000002723,"performance_data":null}
{"timestamp":"2025-06-12T09:18:51.071045","level":"INFO","logger":"gattonero","message":"Obraz pomyślnie zapisany w: gpu_dither_none.jpg","module":"development_logger","function":"info","line":295,"request_id":null,"operation_id":null,"algorithm_id":null,"user_session":null,"performance_data":null}
{"timestamp":"2025-06-12T09:18:52.202647","level":"INFO","logger":"gattonero","message":"Stosuję dithering z siłą 8.0.","module":"development_logger","function":"info","line":295,"request_id":null,"operation_id":null,"algorithm_id":null,"user_session":null,"performance_data":null}
{"timestamp":"2025-06-12T09:18:52.750969","level":"INFO","logger":"gattonero","message":"Zainicjalizowano OpenCL na urządzeniu: gfx1032","module":"development_logger","function":"info","line":295,"request_id":null,"operation_id":null,"algorithm_id":null,"user_session":null,"performance_data":null}
{"timestamp":"2025-06-12T09:18:53.106352","level":"INFO","logger":"gattonero","message":"Przetworzono na GPU (OpenCL) 19,142,348 pikseli w 378.4ms","module":"development_logger","function":"info","line":295,"request_id":null,"operation_id":null,"algorithm_id":null,"user_session":null,"performance_data":null}
{"timestamp":"2025-06-12T09:18:53.111935","level":"INFO","logger":"gattonero","message":"Zasoby OpenCL zostały zwolnione.","module":"development_logger","function":"info","line":295,"request_id":null,"operation_id":null,"algorithm_id":null,"user_session":null,"performance_data":null}
{"timestamp":"2025-06-12T09:18:53.113551","level":"INFO","logger":"gattonero","message":"Operation profiled: map_pixels_to_palette_opencl","module":"development_logger","function":"performance","line":319,"request_id":null,"operation_id":null,"algorithm_id":"algorithm_01_palette_production","user_session":null,"duration_ms":385.5184999993071,"performance_data":null}
{"timestamp":"2025-06-12T09:18:53.216980","level":"INFO","logger":"gattonero","message":"Obraz pomyślnie zapisany w: gpu_dither_high.jpg","module":"development_logger","function":"info","line":295,"request_id":null,"operation_id":null,"algorithm_id":null,"user_session":null,"performance_data":null}
{"timestamp":"2025-06-12T09:18:54.744082","level":"INFO","logger":"gattonero","message":"Zainicjalizowano OpenCL na urządzeniu: gfx1032","module":"development_logger","function":"info","line":295,"request_id":null,"operation_id":null,"algorithm_id":null,"user_session":null,"performance_data":null}
{"timestamp":"2025-06-12T09:18:55.124818","level":"INFO","logger":"gattonero","message":"Przetworzono na GPU (OpenCL) 19,142,348 pikseli w 403.7ms","module":"development_logger","function":"info","line":295,"request_id":null,"operation_id":null,"algorithm_id":null,"user_session":null,"performance_data":null}
{"timestamp":"2025-06-12T09:18:55.131200","level":"INFO","logger":"gattonero","message":"Zasoby OpenCL zostały zwolnione.","module":"development_logger","function":"info","line":295,"request_id":null,"operation_id":null,"algorithm_id":null,"user_session":null,"performance_data":null}
{"timestamp":"2025-06-12T09:18:55.131200","level":"INFO","logger":"gattonero","message":"Operation profiled: map_pixels_to_palette_opencl","module":"development_logger","function":"performance","line":319,"request_id":null,"operation_id":null,"algorithm_id":"algorithm_01_palette_production","user_session":null,"duration_ms":410.2699999930337,"performance_data":null}
{"timestamp":"2025-06-12T09:18:55.234970","level":"INFO","logger":"gattonero","message":"Obraz pomyślnie zapisany w: gpu_blur_none.jpg","module":"development_logger","function":"info","line":295,"request_id":null,"operation_id":null,"algorithm_id":null,"user_session":null,"performance_data":null}
{"timestamp":"2025-06-12T09:18:56.377717","level":"INFO","logger":"gattonero","message":"Zainicjalizowano OpenCL na urządzeniu: gfx1032","module":"development_logger","function":"info","line":295,"request_id":null,"operation_id":null,"algorithm_id":null,"user_session":null,"performance_data":null}
{"timestamp":"2025-06-12T09:18:56.723833","level":"INFO","logger":"gattonero","message":"Przetworzono na GPU (OpenCL) 19,142,348 pikseli w 362.5ms","module":"development_logger","function":"info","line":295,"request_id":null,"operation_id":null,"algorithm_id":null,"user_session":null,"performance_data":null}
{"timestamp":"2025-06-12T09:18:56.730144","level":"INFO","logger":"gattonero","message":"Zasoby OpenCL zostały zwolnione.","module":"development_logger","function":"info","line":295,"request_id":null,"operation_id":null,"algorithm_id":null,"user_session":null,"performance_data":null}
{"timestamp":"2025-06-12T09:18:56.730144","level":"INFO","logger":"gattonero","message":"Operation profiled: map_pixels_to_palette_opencl","module":"development_logger","function":"performance","line":319,"request_id":null,"operation_id":null,"algorithm_id":"algorithm_01_palette_production","user_session":null,"duration_ms":369.3263000022853,"performance_data":null}
{"timestamp":"2025-06-12T09:18:56.767898","level":"INFO","logger":"gattonero","message":"Stosuję zaawansowane wygładzanie krawędzi.","module":"development_logger","function":"info","line":295,"request_id":null,"operation_id":null,"algorithm_id":null,"user_session":null,"performance_data":null}
{"timestamp":"2025-06-12T09:18:58.771221","level":"INFO","logger":"gattonero","message":"Zainicjalizowano OpenCL na urządzeniu: gfx1032","module":"development_logger","function":"info","line":295,"request_id":null,"operation_id":null,"algorithm_id":null,"user_session":null,"performance_data":null}
{"timestamp":"2025-06-12T09:18:58.822041","level":"INFO","logger":"gattonero","message":"Zasoby OpenCL zostały zwolnione.","module":"development_logger","function":"info","line":295,"request_id":null,"operation_id":null,"algorithm_id":null,"user_session":null,"performance_data":null}
{"timestamp":"2025-06-12T09:18:59.890652","level":"INFO","logger":"gattonero","message":"Obraz pomyślnie zapisany w: gpu_blur_high.jpg","module":"development_logger","function":"info","line":295,"request_id":null,"operation_id":null,"algorithm_id":null,"user_session":null,"performance_data":null}
{"timestamp":"2025-06-12T09:19:01.415864","level":"INFO","logger":"gattonero","message":"Zainicjalizowano OpenCL na urządzeniu: gfx1032","module":"development_logger","function":"info","line":295,"request_id":null,"operation_id":null,"algorithm_id":null,"user_session":null,"performance_data":null}
{"timestamp":"2025-06-12T09:19:01.756824","level":"INFO","logger":"gattonero","message":"Przetworzono na GPU (OpenCL) 19,142,348 pikseli w 349.0ms","module":"development_logger","function":"info","line":295,"request_id":null,"operation_id":null,"algorithm_id":null,"user_session":null,"performance_data":null}
{"timestamp":"2025-06-12T09:19:01.763615","level":"INFO","logger":"gattonero","message":"Zasoby OpenCL zostały zwolnione.","module":"development_logger","function":"info","line":295,"request_id":null,"operation_id":null,"algorithm_id":null,"user_session":null,"performance_data":null}
{"timestamp":"2025-06-12T09:19:01.764790","level":"INFO","logger":"gattonero","message":"Operation profiled: map_pixels_to_palette_opencl","module":"development_logger","function":"performance","line":319,"request_id":null,"operation_id":null,"algorithm_id":"algorithm_01_palette_production","user_session":null,"duration_ms":357.2848000039812,"performance_data":null}
{"timestamp":"2025-06-12T09:19:01.879790","level":"INFO","logger":"gattonero","message":"Obraz pomyślnie zapisany w: gpu_hue_low.jpg","module":"development_logger","function":"info","line":295,"request_id":null,"operation_id":null,"algorithm_id":null,"user_session":null,"performance_data":null}
{"timestamp":"2025-06-12T09:19:03.014787","level":"INFO","logger":"gattonero","message":"Zainicjalizowano OpenCL na urządzeniu: gfx1032","module":"development_logger","function":"info","line":295,"request_id":null,"operation_id":null,"algorithm_id":null,"user_session":null,"performance_data":null}
{"timestamp":"2025-06-12T09:19:03.348685","level":"INFO","logger":"gattonero","message":"Przetworzono na GPU (OpenCL) 19,142,348 pikseli w 366.3ms","module":"development_logger","function":"info","line":295,"request_id":null,"operation_id":null,"algorithm_id":null,"user_session":null,"performance_data":null}
{"timestamp":"2025-06-12T09:19:03.354851","level":"INFO","logger":"gattonero","message":"Zasoby OpenCL zostały zwolnione.","module":"development_logger","function":"info","line":295,"request_id":null,"operation_id":null,"algorithm_id":null,"user_session":null,"performance_data":null}
{"timestamp":"2025-06-12T09:19:03.355847","level":"INFO","logger":"gattonero","message":"Operation profiled: map_pixels_to_palette_opencl","module":"development_logger","function":"performance","line":319,"request_id":null,"operation_id":null,"algorithm_id":"algorithm_01_palette_production","user_session":null,"duration_ms":373.0528000014601,"performance_data":null}
{"timestamp":"2025-06-12T09:19:03.458133","level":"INFO","logger":"gattonero","message":"Obraz pomyślnie zapisany w: gpu_hue_high.jpg","module":"development_logger","function":"info","line":295,"request_id":null,"operation_id":null,"algorithm_id":null,"user_session":null,"performance_data":null}
{"timestamp":"2025-06-12T09:19:04.960900","level":"INFO","logger":"gattonero","message":"Zainicjalizowano OpenCL na urządzeniu: gfx1032","module":"development_logger","function":"info","line":295,"request_id":null,"operation_id":null,"algorithm_id":null,"user_session":null,"performance_data":null}
{"timestamp":"2025-06-12T09:19:05.334839","level":"INFO","logger":"gattonero","message":"Przetworzono na GPU (OpenCL) 19,142,348 pikseli w 396.4ms","module":"development_logger","function":"info","line":295,"request_id":null,"operation_id":null,"algorithm_id":null,"user_session":null,"performance_data":null}
{"timestamp":"2025-06-12T09:19:05.342389","level":"INFO","logger":"gattonero","message":"Zasoby OpenCL zostały zwolnione.","module":"development_logger","function":"info","line":295,"request_id":null,"operation_id":null,"algorithm_id":null,"user_session":null,"performance_data":null}
{"timestamp":"2025-06-12T09:19:05.342923","level":"INFO","logger":"gattonero","message":"Operation profiled: map_pixels_to_palette_opencl","module":"development_logger","function":"performance","line":319,"request_id":null,"operation_id":null,"algorithm_id":"algorithm_01_palette_production","user_session":null,"duration_ms":404.3360999930883,"performance_data":null}
{"timestamp":"2025-06-12T09:19:05.447634","level":"INFO","logger":"gattonero","message":"Obraz pomyślnie zapisany w: gpu_extremes_off.jpg","module":"development_logger","function":"info","line":295,"request_id":null,"operation_id":null,"algorithm_id":null,"user_session":null,"performance_data":null}
{"timestamp":"2025-06-12T09:19:06.615951","level":"INFO","logger":"gattonero","message":"Zainicjalizowano OpenCL na urządzeniu: gfx1032","module":"development_logger","function":"info","line":295,"request_id":null,"operation_id":null,"algorithm_id":null,"user_session":null,"performance_data":null}
{"timestamp":"2025-06-12T09:19:06.962713","level":"INFO","logger":"gattonero","message":"Przetworzono na GPU (OpenCL) 19,142,348 pikseli w 368.1ms","module":"development_logger","function":"info","line":295,"request_id":null,"operation_id":null,"algorithm_id":null,"user_session":null,"performance_data":null}
{"timestamp":"2025-06-12T09:19:06.969406","level":"INFO","logger":"gattonero","message":"Zasoby OpenCL zostały zwolnione.","module":"development_logger","function":"info","line":295,"request_id":null,"operation_id":null,"algorithm_id":null,"user_session":null,"performance_data":null}
{"timestamp":"2025-06-12T09:19:06.970405","level":"INFO","logger":"gattonero","message":"Operation profiled: map_pixels_to_palette_opencl","module":"development_logger","function":"performance","line":319,"request_id":null,"operation_id":null,"algorithm_id":"algorithm_01_palette_production","user_session":null,"duration_ms":375.78580000263173,"performance_data":null}
{"timestamp":"2025-06-12T09:19:06.979917","level":"INFO","logger":"gattonero","message":"Zachowuję skrajne wartości czerni i bieli.","module":"development_logger","function":"info","line":295,"request_id":null,"operation_id":null,"algorithm_id":null,"user_session":null,"performance_data":null}
{"timestamp":"2025-06-12T09:19:07.545918","level":"INFO","logger":"gattonero","message":"Obraz pomyślnie zapisany w: gpu_extremes_on.jpg","module":"development_logger","function":"info","line":295,"request_id":null,"operation_id":null,"algorithm_id":null,"user_session":null,"performance_data":null}
